May 09, 2025 11:16:39.395 [0x7f630d5a0b38] INFO - Plex Tuner Service v1.41.6.9685-d301f511a - Docker Docker Container x86_64 - build: 
May 09, 2025 11:16:39.395 [0x7f630d5a0b38] INFO - Linux version: 5.15.167.4-microsoft-standard-WSL2 (#1 SMP Tue Nov 5 00:21:55 UTC 2024), language: en-US
May 09, 2025 11:16:39.395 [0x7f630d5a0b38] INFO - Processor 13th Gen Intel(R) Core(TM) i7-1355U
May 09, 2025 11:16:39.395 [0x7f630d5a0b38] INFO - /usr/lib/plexmediaserver/Plex Tuner Service /usr/lib/plexmediaserver/Resources/Tuner/Private /usr/lib/plexmediaserver/Resources/Tuner/Shared 1.41.6.9685-d301f511a 32600
May 09, 2025 11:16:39.393 [0x7f630f111808] INFO - [I] broker_t::start...
May 09, 2025 11:16:39.396 [0x7f630f111808] INFO - [I] device_manager_t::init.
May 09, 2025 11:16:39.396 [0x7f630f111808] INFO - [I] device_manager_t::init. Initialize provider manager
May 09, 2025 11:16:39.396 [0x7f630f111808] INFO - [I] device_manager_t::init. Initialize all device auxes
May 09, 2025 11:16:39.396 [0x7f630f111808] INFO - [I] dvb_device_factory_t::get_aux_list
May 09, 2025 11:16:39.397 [0x7f630f111808] INFO - [I] tvbutler_aux_t::init
May 09, 2025 11:16:39.399 [0x7f630f111808] INFO - [I] web_server_t::start. Starting web server on port 32600
May 09, 2025 11:16:48.441 [0x7f630d314b38] INFO - [I] web_service_t::process_device_discovery
May 09, 2025 11:16:48.441 [0x7f630d314b38] INFO - [I] device_reactor_t::get_device_list ()
May 09, 2025 11:16:50.444 [0x7f630d314b38] INFO - [I] SAT2IP - discover_satip_servers(): no servers found
May 09, 2025 11:16:50.863 [0x7f630d314b38] INFO - [I] v4l::DeviceGetList_impl. getting v4l device list
May 09, 2025 11:16:50.864 [0x7f630d314b38] INFO - [I] onetv_factory::DeviceGetListEx >>
May 09, 2025 11:16:50.864 [0x7f630d314b38] WARN - [W] onetv_factory::DeviceGetListEx. libusb_init returned an error -99
May 09, 2025 11:22:23.716 [0x7f630f111808] INFO - Received SIGINT: Interrupt from keyboard.
May 09, 2025 11:22:23.743 [0x7f630f111808] INFO - [I] device_manager_t::term
May 09, 2025 11:22:23.743 [0x7f630f111808] INFO - [I] device_manager_t::term. Stop all devices
May 09, 2025 11:22:23.743 [0x7f630f111808] INFO - [I] device_manager_t::term. Shut down all device auxes
May 09, 2025 11:22:23.743 [0x7f630f111808] INFO - [I] tvbutler_aux_t::term
May 09, 2025 11:22:23.743 [0x7f630f111808] INFO - [I] web_server_t::stop. Web server is stopped
May 09, 2025 11:22:23.743 [0x7f630f111808] INFO - [I] device_manager_t::term
May 09, 2025 11:22:23.743 [0x7f630f111808] INFO - [I] device_manager_t::term. Stop all devices
May 09, 2025 11:22:23.743 [0x7f630f111808] INFO - [I] device_manager_t::term. Shut down all device auxes
May 09, 2025 11:22:23.744 [0x7f630f111808] INFO - [I] broker_t::shutdown. Shutdown is completed.
