2025-04-04 09:51:24.112 UTC [49] LOG:  starting PostgreSQL 14.17 (Debian 14.17-1.pgdg120+1) on x86_64-pc-linux-gnu, compiled by gcc (Debian 12.2.0-14) 12.2.0, 64-bit
2025-04-04 09:51:24.116 UTC [49] LOG:  listening on Unix socket "/var/run/postgresql/.s.PGSQL.5432"
2025-04-04 09:51:24.130 UTC [51] LOG:  database system was shut down at 2025-04-04 09:51:23 UTC
2025-04-04 09:51:24.141 UTC [49] LOG:  database system is ready to accept connections
2025-04-04 09:51:24.533 UTC [49] LOG:  received fast shutdown request
2025-04-04 09:51:24.539 UTC [49] LOG:  aborting any active transactions
2025-04-04 09:51:24.545 UTC [49] LOG:  background worker "logical replication launcher" (PID 60) exited with exit code 1
2025-04-04 09:51:24.545 UTC [53] LOG:  shutting down
2025-04-04 09:51:24.576 UTC [49] LOG:  database system is shut down
2025-04-04 09:51:24.679 UTC [1] LOG:  starting PostgreSQL 14.17 (Debian 14.17-1.pgdg120+1) on x86_64-pc-linux-gnu, compiled by gcc (Debian 12.2.0-14) 12.2.0, 64-bit
2025-04-04 09:51:24.679 UTC [1] LOG:  listening on IPv4 address "0.0.0.0", port 5432
2025-04-04 09:51:24.679 UTC [1] LOG:  listening on IPv6 address "::", port 5432
2025-04-04 09:51:24.686 UTC [1] LOG:  listening on Unix socket "/var/run/postgresql/.s.PGSQL.5432"
2025-04-04 09:51:24.705 UTC [69] LOG:  database system was shut down at 2025-04-04 09:51:24 UTC
2025-04-04 09:51:24.725 UTC [1] LOG:  database system is ready to accept connections
2025-04-04 10:04:21.470 UTC [1] LOG:  received fast shutdown request
2025-04-04 10:04:21.476 UTC [1] LOG:  aborting any active transactions
2025-04-04 10:04:21.479 UTC [1] LOG:  background worker "logical replication launcher" (PID 78) exited with exit code 1
2025-04-04 10:04:21.483 UTC [73] LOG:  shutting down
2025-04-04 10:04:21.556 UTC [1] LOG:  database system is shut down
