2025-04-09 13:19:13.445 WARNING (ImportExecutor_0) [py.warnings] /usr/local/lib/python3.13/site-packages/miio/miot_device.py:23: FutureWarning: functools.partial will be a method descriptor in future Python versions; wrap it in enum.member() if you want to preserve the old behavior
  Bool = partial(_str2bool)

2025-04-09 13:20:08.484 ERROR (MainThread) [frontend.js.modern.202504040] Uncaught error from Chrome 135.0.0.0 on Windows 10
TypeError: Cannot read properties of undefined (reading 'domain')
_keyFunction (src/panels/config/integrations/dialog-add-integration.ts:477:16)
keyFunction (src/virtualize.ts:116:41)
i.ct (src/directives/repeat.ts:60:11)
isArray (src/directives/repeat.ts:104:15)
update (src/directive.ts:134:16)
_$AS (src/lit-html.ts:1085:23)
S (src/lit-html.ts:1362:12)
_$AI (src/async-directive.ts:366:18)
setValue (src/virtualize.ts:139:13)
dispatchEvent (src/Virtualizer.ts:816:23)
2025-04-09 13:20:08.485 ERROR (MainThread) [frontend.js.modern.202504040] Uncaught error from Chrome 135.0.0.0 on Windows 10
TypeError: Cannot read properties of undefined (reading 'domain')
_keyFunction (src/panels/config/integrations/dialog-add-integration.ts:477:16)
keyFunction (src/virtualize.ts:116:41)
i.ct (src/directives/repeat.ts:60:11)
isArray (src/directives/repeat.ts:104:15)
update (src/directive.ts:134:16)
_$AS (src/lit-html.ts:1085:23)
S (src/lit-html.ts:1362:12)
_$AI (src/async-directive.ts:366:18)
setValue (src/virtualize.ts:139:13)
dispatchEvent (src/Virtualizer.ts:816:23)
2025-04-09 13:20:09.690 ERROR (MainThread) [frontend.js.modern.202504040] Uncaught error from Chrome 135.0.0.0 on Windows 10
TypeError: Cannot read properties of undefined (reading 'domain')
_keyFunction (src/panels/config/integrations/dialog-add-integration.ts:477:16)
keyFunction (src/virtualize.ts:116:41)
i.ct (src/directives/repeat.ts:60:11)
isArray (src/directives/repeat.ts:104:15)
update (src/directive.ts:134:16)
_$AS (src/lit-html.ts:1085:23)
S (src/lit-html.ts:1362:12)
_$AI (src/async-directive.ts:366:18)
setValue (src/virtualize.ts:139:13)
dispatchEvent (src/Virtualizer.ts:816:23)
2025-04-09 13:20:09.740 ERROR (MainThread) [frontend.js.modern.202504040] Uncaught error from Chrome 135.0.0.0 on Windows 10
TypeError: Cannot read properties of undefined (reading 'domain')
_keyFunction (src/panels/config/integrations/dialog-add-integration.ts:477:16)
keyFunction (src/virtualize.ts:116:41)
i.ct (src/directives/repeat.ts:60:11)
isArray (src/directives/repeat.ts:104:15)
update (src/directive.ts:134:16)
_$AS (src/lit-html.ts:1085:23)
S (src/lit-html.ts:1362:12)
_$AI (src/async-directive.ts:366:18)
setValue (src/virtualize.ts:139:13)
dispatchEvent (src/Virtualizer.ts:816:23)
2025-04-09 13:20:12.314 ERROR (MainThread) [frontend.js.modern.202504040] Uncaught error from Chrome 135.0.0.0 on Windows 10
TypeError: Cannot read properties of undefined (reading 'domain')
_keyFunction (src/panels/config/integrations/dialog-add-integration.ts:477:16)
keyFunction (src/virtualize.ts:116:41)
i.ct (src/directives/repeat.ts:60:11)
isArray (src/directives/repeat.ts:104:15)
update (src/directive.ts:134:16)
_$AS (src/lit-html.ts:1085:23)
S (src/lit-html.ts:1362:12)
_$AI (src/async-directive.ts:366:18)
setValue (src/virtualize.ts:139:13)
dispatchEvent (src/Virtualizer.ts:816:23)
2025-04-09 13:20:12.740 ERROR (MainThread) [frontend.js.modern.202504040] Uncaught error from Chrome 135.0.0.0 on Windows 10
TypeError: Cannot read properties of undefined (reading 'domain')
_keyFunction (src/panels/config/integrations/dialog-add-integration.ts:477:16)
keyFunction (src/virtualize.ts:116:41)
i.ct (src/directives/repeat.ts:60:11)
isArray (src/directives/repeat.ts:104:15)
update (src/directive.ts:134:16)
_$AS (src/lit-html.ts:1085:23)
S (src/lit-html.ts:1362:12)
_$AI (src/async-directive.ts:366:18)
setValue (src/virtualize.ts:139:13)
dispatchEvent (src/Virtualizer.ts:816:23)
2025-04-09 13:20:12.929 ERROR (MainThread) [frontend.js.modern.202504040] Uncaught error from Chrome 135.0.0.0 on Windows 10
TypeError: Cannot read properties of undefined (reading 'domain')
_keyFunction (src/panels/config/integrations/dialog-add-integration.ts:477:16)
keyFunction (src/virtualize.ts:116:41)
i.ct (src/directives/repeat.ts:60:11)
isArray (src/directives/repeat.ts:104:15)
update (src/directive.ts:134:16)
_$AS (src/lit-html.ts:1085:23)
S (src/lit-html.ts:1362:12)
_$AI (src/async-directive.ts:366:18)
setValue (src/virtualize.ts:139:13)
dispatchEvent (src/Virtualizer.ts:816:23)
2025-04-09 13:20:16.390 ERROR (MainThread) [frontend.js.modern.202504040] Uncaught error from Chrome 135.0.0.0 on Windows 10
TypeError: Cannot read properties of undefined (reading 'domain')
_keyFunction (src/panels/config/integrations/dialog-add-integration.ts:477:16)
keyFunction (src/virtualize.ts:116:41)
i.ct (src/directives/repeat.ts:60:11)
isArray (src/directives/repeat.ts:104:15)
update (src/directive.ts:134:16)
_$AS (src/lit-html.ts:1085:23)
S (src/lit-html.ts:1362:12)
_$AI (src/async-directive.ts:366:18)
setValue (src/virtualize.ts:139:13)
dispatchEvent (src/Virtualizer.ts:816:23)
2025-04-09 13:20:16.496 ERROR (MainThread) [frontend.js.modern.202504040] Uncaught error from Chrome 135.0.0.0 on Windows 10
TypeError: Cannot read properties of undefined (reading 'domain')
_keyFunction (src/panels/config/integrations/dialog-add-integration.ts:477:16)
keyFunction (src/virtualize.ts:116:41)
i.ct (src/directives/repeat.ts:60:11)
isArray (src/directives/repeat.ts:104:15)
update (src/directive.ts:134:16)
_$AS (src/lit-html.ts:1085:23)
S (src/lit-html.ts:1362:12)
_$AI (src/async-directive.ts:366:18)
setValue (src/virtualize.ts:139:13)
dispatchEvent (src/Virtualizer.ts:816:23)
2025-04-09 13:20:16.625 ERROR (MainThread) [frontend.js.modern.202504040] Uncaught error from Chrome 135.0.0.0 on Windows 10
TypeError: Cannot read properties of undefined (reading 'domain')
_keyFunction (src/panels/config/integrations/dialog-add-integration.ts:477:16)
keyFunction (src/virtualize.ts:116:41)
i.ct (src/directives/repeat.ts:60:11)
isArray (src/directives/repeat.ts:104:15)
update (src/directive.ts:134:16)
_$AS (src/lit-html.ts:1085:23)
S (src/lit-html.ts:1362:12)
_$AI (src/async-directive.ts:366:18)
setValue (src/virtualize.ts:139:13)
dispatchEvent (src/Virtualizer.ts:816:23)
2025-04-09 13:20:16.787 ERROR (MainThread) [frontend.js.modern.202504040] Uncaught error from Chrome 135.0.0.0 on Windows 10
TypeError: Cannot read properties of undefined (reading 'domain')
_keyFunction (src/panels/config/integrations/dialog-add-integration.ts:477:16)
keyFunction (src/virtualize.ts:116:41)
i.ct (src/directives/repeat.ts:60:11)
isArray (src/directives/repeat.ts:104:15)
update (src/directive.ts:134:16)
_$AS (src/lit-html.ts:1085:23)
S (src/lit-html.ts:1362:12)
_$AI (src/async-directive.ts:366:18)
setValue (src/virtualize.ts:139:13)
dispatchEvent (src/Virtualizer.ts:816:23)
